[PoC RESULT]: False
[PoC MSG]:
============================== Run PoC ==============================
------------------------------ Standard Output ------------------------------
Found 1 test(s).

------------------------------ Standard Error ------------------------------
/workspace/wagtail/wagtail/contrib/modeladmin/apps.py:15: RemovedInWagtail60Warning: wagtail.contrib.modeladmin is deprecated. Use wagtail.snippets or the separate wagtail-modeladmin package instead.
  warn(
Creating test database for alias 'default'...
/workspace/wagtail/wagtail/admin/rich_text/editors/draftail/__init__.py:38: RuntimeWarning: Draftail received an unknown feature 'made-up-feature'.
  warnings.warn(
System check identified some issues:

WARNINGS:
?: (wagtailadmin.W001) CSS for the Wagtail admin is missing
	HINT: 
            Most likely you are running a development (non-packaged) copy of
            Wagtail and have not built the static assets -
            see https://docs.wagtail.org/en/latest/contributing/developing.html

            File not found: /workspace/wagtail/wagtail/admin/static/wagtailadmin/css/core.css
        
tests.TaggedChildPage: (wagtailsearch.W001) Core Page fields missing in `search_fields`
	HINT: Ensure that TaggedChildPage extends the Page model search fields `search_fields = Page.search_fields + [...]`
tests.TaggedGrandchildPage: (wagtailsearch.W001) Core Page fields missing in `search_fields`
	HINT: Ensure that TaggedGrandchildPage extends the Page model search fields `search_fields = Page.search_fields + [...]`
tests.TaggedPage: (wagtailsearch.W001) Core Page fields missing in `search_fields`
	HINT: Ensure that TaggedPage extends the Page model search fields `search_fields = Page.search_fields + [...]`

System check identified 4 issues (0 silenced).
F
======================================================================
FAIL: test_user_permissions_required (wagtail.users.tests.test_bulk_actions.test_bulk_delete.TestUserDeleteView)
----------------------------------------------------------------------
Traceback (most recent call last):
  File "/workspace/wagtail/wagtail/users/tests/test_bulk_actions/test_bulk_delete.py", line 65, in test_user_permissions_required
    self.assertRedirects(response, "/admin/")
  File "/workspace/PoC_env/CVE-2023-45809/lib/python3.9/site-packages/django/test/testcases.py", line 512, in assertRedirects
    self.assertEqual(
AssertionError: 200 != 302 : Response didn't redirect as expected: Response code was 200 (expected 302)

----------------------------------------------------------------------
Ran 1 test in 0.186s

FAILED (failures=1)
Destroying test database for alias 'default'...

------------------------------ Finish Evaluation ------------------------------


[UnitTest RESULT]: None
[UnitTest MSG]:
 None

[Validation TYPE]: validation_fail