[PoC RESULT]: False
[PoC MSG]:
============================== Run PoC ==============================
------------------------------ Standard Output ------------------------------
============================= test session starts ==============================
platform linux -- Python 3.9.23, pytest-8.4.1, pluggy-1.6.0
rootdir: /workspace/h11
configfile: pyproject.toml
plugins: cov-6.2.1
collected 17 items / 15 deselected / 2 selected

h11/tests/test_io.py F.                                                  [100%]

=================================== FAILURES ===================================
______________________________ test_ChunkedReader ______________________________

    def test_ChunkedReader() -> None:
        t_body_reader(ChunkedReader, b"0\r\n\r\n", [EndOfMessage()])
    
        t_body_reader(
            ChunkedReader,
            b"0\r\nSome: header\r\n\r\n",
            [EndOfMessage(headers=[("Some", "header")])],
        )
    
>       t_body_reader(
            ChunkedReader,
            b"5\r\n01234\r\n"
            + b"10\r\n0123456789abcdef\r\n"
            + b"0\r\n"
            + b"Some: header\r\n\r\n",
            [
                Data(data=b"012340123456789abcdef"),
                EndOfMessage(headers=[("Some", "header")]),
            ],
        )

h11/tests/test_io.py:413: 
_ _ _ _ _ _ _ _ _ _ _ _ _ _ _ _ _ _ _ _ _ _ _ _ _ _ _ _ _ _ _ _ _ _ _ _ _ _ _ _ 
h11/tests/test_io.py:356: in t_body_reader
    assert _run_reader(thunk(), buf, do_eof) == expected
h11/tests/test_io.py:347: in _run_reader
    events = list(_run_reader_iter(*args))
h11/tests/test_io.py:333: in _run_reader_iter
    event = reader(buf)
_ _ _ _ _ _ _ _ _ _ _ _ _ _ _ _ _ _ _ _ _ _ _ _ _ _ _ _ _ _ _ _ _ _ _ _ _ _ _ _ 

self = <h11._readers.ChunkedReader object at 0x7f34184febe0>
buf = <h11._receivebuffer.ReceiveBuffer object at 0x7f34186b3880>

    def __call__(self, buf: ReceiveBuffer) -> Union[Data, EndOfMessage, None]:
        if self._reading_trailer:
            lines = buf.maybe_extract_lines()
            if lines is None:
                return None
            return EndOfMessage(headers=list(_decode_header_lines(lines)))
        if self._bytes_to_discard > 0:
            data = buf.maybe_extract_at_most(self._bytes_to_discard)
            if data is None:
                return None
            # Verify we're discarding exactly \r\n
            if data != b"\r\n":
                raise LocalProtocolError(f"Expected chunk terminator \\r\\n but got {data!r}")
            self._bytes_to_discard = 0
            # Fall through to continue reading
        assert self._bytes_to_discard == 0
        if self._bytes_in_chunk == 0:
            # We need to refill our chunk count
            chunk_header = buf.maybe_extract_next_line()
            if chunk_header is None:
                return None
            matches = validate(
                chunk_header_re,
                chunk_header,
                "illegal chunk header: {!r}",
                chunk_header,
            )
            # XX FIXME: we discard chunk extensions. Does anyone care?
            self._bytes_in_chunk = int(matches["chunk_size"], base=16)
            if self._bytes_in_chunk == 0:
                self._reading_trailer = True
                return self(buf)
            chunk_start = True
        else:
            chunk_start = False
        assert self._bytes_in_chunk > 0
        data = buf.maybe_extract_at_most(self._bytes_in_chunk)
        if data is None:
            return None
        self._bytes_in_chunk -= len(data)
        if self._bytes_in_chunk == 0:
            # Enforce chunk data is followed by \r\n
>           if len(buf) < 2 or buf.peek(2) != b"\r\n":
E           AttributeError: 'ReceiveBuffer' object has no attribute 'peek'

h11/_readers.py:199: AttributeError
----------------------------- Captured stdout call -----------------------------
Test 1
Test 2
Test 1
Test 2
Test 1
=========================== short test summary info ============================
FAILED h11/tests/test_io.py::test_ChunkedReader - AttributeError: 'ReceiveBuf...
================== 1 failed, 1 passed, 15 deselected in 0.11s ==================

------------------------------ Finish Evaluation ------------------------------


[UnitTest RESULT]: None
[UnitTest MSG]:
 None

[Validation TYPE]: validation_fail