[PoC RESULT]: False
[PoC MSG]:
============================== Run PoC ==============================
------------------------------ Standard Output ------------------------------
============================= test session starts ==============================
platform linux -- Python 3.8.20, pytest-8.3.5, pluggy-1.5.0
rootdir: /workspace/planet-client-python/tests
configfile: pytest.ini
plugins: anyio-4.5.2
collected 2 items

tests/unit/test_auth.py::test__SecretFile_permissions_doesnotexist PASSED [ 50%]
tests/unit/test_auth.py::test__SecretFile_permissions_incorrect FAILED   [100%]

=================================== FAILURES ===================================
____________________ test__SecretFile_permissions_incorrect ____________________

secret_path = PosixPath('/tmp/pytest-of-root/pytest-2/test__SecretFile_permissions_i0/.test')

    def test__SecretFile_permissions_incorrect(secret_path):
        '''Incorrect permissions are fixed'''
        with open(secret_path, 'w') as fp:
            fp.write('{"existing": "exists"}')
    
        secret_path.chmod(0o666)
    
        auth._SecretFile(secret_path)
>       assert secret_path.stat().st_mode & 0o777 == 0o600
E       AssertionError: assert (33206 & 511) == 384
E        +  where 33206 = os.stat_result(st_mode=33206, st_ino=158607085, st_dev=88, st_nlink=1, st_uid=0, st_gid=0, st_size=22, st_atime=1761827200, st_mtime=1761827200, st_ctime=1761827200).st_mode
E        +    where os.stat_result(st_mode=33206, st_ino=158607085, st_dev=88, st_nlink=1, st_uid=0, st_gid=0, st_size=22, st_atime=1761827200, st_mtime=1761827200, st_ctime=1761827200) = stat()
E        +      where stat = PosixPath('/tmp/pytest-of-root/pytest-2/test__SecretFile_permissions_i0/.test').stat

tests/unit/test_auth.py:156: AssertionError
=========================== short test summary info ============================
FAILED tests/unit/test_auth.py::test__SecretFile_permissions_incorrect - Asse...
========================= 1 failed, 1 passed in 0.04s ==========================

------------------------------ Finish Evaluation ------------------------------


[UnitTest RESULT]: None
[UnitTest MSG]:
 None

[Validation TYPE]: validation_fail