[PoC RESULT]: False
[PoC MSG]:
============================== Run PoC ==============================
------------------------------ Standard Output ------------------------------
============================= test session starts ==============================
platform linux -- Python 3.7.16, pytest-7.4.4, pluggy-1.2.0
rootdir: /workspace/requests
configfile: pytest.ini
plugins: httpbin-0.0.7, xdist-3.5.0, cov-4.1.0, mock-3.11.1
collected 4 items

tests/test_requests.py .FFF                                              [100%]

=================================== FAILURES ===================================
______________ TestRequests.test_should_strip_auth_http_downgrade ______________

self = <tests.test_requests.TestRequests object at 0x7fd4b0b752d0>

    def test_should_strip_auth_http_downgrade(self):
        s = requests.Session()
>       assert s.should_strip_auth('https://example.com/foo', 'http://example.com/bar')
E       AttributeError: 'Session' object has no attribute 'should_strip_auth'

tests/test_requests.py:1599: AttributeError
______________ TestRequests.test_should_strip_auth_https_upgrade _______________

self = <tests.test_requests.TestRequests object at 0x7fd4b0b754d0>

    def test_should_strip_auth_https_upgrade(self):
        s = requests.Session()
>       assert not s.should_strip_auth('http://example.com/foo', 'https://example.com/bar')
E       AttributeError: 'Session' object has no attribute 'should_strip_auth'

tests/test_requests.py:1603: AttributeError
_______________ TestRequests.test_should_strip_auth_port_change ________________

self = <tests.test_requests.TestRequests object at 0x7fd4b0b755d0>

    def test_should_strip_auth_port_change(self):
        s = requests.Session()
>       assert s.should_strip_auth('http://example.com:1234/foo', 'https://example.com:4321/bar')
E       AttributeError: 'Session' object has no attribute 'should_strip_auth'

tests/test_requests.py:1612: AttributeError
=========================== short test summary info ============================
FAILED tests/test_requests.py::TestRequests::test_should_strip_auth_http_downgrade
FAILED tests/test_requests.py::TestRequests::test_should_strip_auth_https_upgrade
FAILED tests/test_requests.py::TestRequests::test_should_strip_auth_port_change
========================= 3 failed, 1 passed in 0.78s ==========================

------------------------------ Finish Evaluation ------------------------------


[UnitTest RESULT]: None
[UnitTest MSG]:
 None

[Validation TYPE]: validation_fail