[PoC RESULT]: False
[PoC MSG]:
============================== Run PoC ==============================
------------------------------ Standard Output ------------------------------
<empty>
------------------------------ Standard Error ------------------------------
Creating test database for alias 'default'...
/workspace/wagtail/wagtail/admin/rich_text/editors/draftail/__init__.py:42: RuntimeWarning: Draftail received an unknown feature 'made-up-feature'.
  warnings.warn(
System check identified some issues:

WARNINGS:
?: (wagtailadmin.W001) CSS for the Wagtail admin is missing
	HINT: 
            Most likely you are running a development (non-packaged) copy of
            Wagtail and have not built the static assets -
            see https://docs.wagtail.org/en/latest/contributing/developing.html

            File not found: /workspace/wagtail/wagtail/admin/static/wagtailadmin/css/normalize.css
        
tests.EventPage: (wagtailsearch.W001) Core Page fields missing in `search_fields`
	HINT: Ensure that EventPage extends the Page model search fields `search_fields = Page.search_fields + [...]`
tests.SingleEventPage: (wagtailsearch.W001) Core Page fields missing in `search_fields`
	HINT: Ensure that SingleEventPage extends the Page model search fields `search_fields = Page.search_fields + [...]`

System check identified 3 issues (0 silenced).
.F
======================================================================
FAIL: test_new_comment (wagtail.admin.tests.pages.test_edit_page.TestCommenting)
----------------------------------------------------------------------
Traceback (most recent call last):
  File "/workspace/wagtail/wagtail/admin/tests/pages/test_edit_page.py", line 2164, in test_new_comment
    self.assertEqual(len(mail.outbox), 1)
AssertionError: 2 != 1

----------------------------------------------------------------------
Ran 2 tests in 0.475s

FAILED (failures=1)
Destroying test database for alias 'default'...

------------------------------ Finish Evaluation ------------------------------


[UnitTest RESULT]: None
[UnitTest MSG]:
 None

[Validation TYPE]: validation_fail