[PoC RESULT]: False
[PoC MSG]:
============================== Run PoC ==============================
------------------------------ Standard Output ------------------------------
============================= test session starts ==============================
platform linux -- Python 3.9.23, pytest-8.4.0, pluggy-1.6.0
rootdir: /workspace/pandas-ai
configfile: pyproject.toml
plugins: anyio-4.9.0, langsmith-0.3.45
collected 1 item

tests/test_pandasai.py F                                                 [100%]

=================================== FAILURES ===================================
_____________ TestPandasAI.test_clean_code_removes_jailbreak_code ______________

self = <test_pandasai.TestPandasAI object at 0x7f94323ccee0>
pandasai = <pandasai.PandasAI object at 0x7f94323e8430>

        def test_clean_code_removes_jailbreak_code(self, pandasai):
            malicious_code = """
    __builtins__['str'].__class__.__mro__[-1].__subclasses__()[140].__init__.__globals__['system']('ls')
    print(df)
    """
            pandasai._llm._output = malicious_code
            pandasai.run_code(malicious_code, pd.DataFrame())
>           assert pandasai.last_code_executed == "print(df)"
E           assert "__builtins__...')\nprint(df)" == 'print(df)'
E             
E             + __builtins__['str'].__class__.__mro__[-1].__subclasses__()[140].__init__.__globals__['system']('ls')
E               print(df)

tests/test_pandasai.py:337: AssertionError
------------------------------ Captured log call -------------------------------
WARNING  pandasai:__init__.py:824 Error executing code (count: 0)
WARNING  pandasai:__init__.py:824 Error executing code (count: 1)
WARNING  pandasai:__init__.py:824 Error executing code (count: 2)
=========================== short test summary info ============================
FAILED tests/test_pandasai.py::TestPandasAI::test_clean_code_removes_jailbreak_code
======================== 1 failed, 3 warnings in 1.37s =========================

------------------------------ Finish Evaluation ------------------------------


[UnitTest RESULT]: None
[UnitTest MSG]:
 None

[Validation TYPE]: validation_fail