[PoC RESULT]: False
[PoC MSG]:
============================== Run PoC ==============================
------------------------------ Standard Output ------------------------------
============================= test session starts ==============================
platform linux -- Python 3.8.20, pytest-8.3.5, pluggy-1.5.0
rootdir: /workspace/numexpr
configfile: pyproject.toml
collected 104 items / 103 deselected / 1 selected

numexpr/tests/test_numexpr.py F                                          [100%]

=================================== FAILURES ===================================
_____________________ test_evaluate.test_forbidden_tokens ______________________

self = <numexpr.tests.test_numexpr.test_evaluate testMethod=test_forbidden_tokens>

    def test_forbidden_tokens(self):
        # Forbid dunder
        try:
>           evaluate('__builtins__')

numexpr/tests/test_numexpr.py:515: 
_ _ _ _ _ _ _ _ _ _ _ _ _ _ _ _ _ _ _ _ _ _ _ _ _ _ _ _ _ _ _ _ _ _ _ _ _ _ _ _ 
numexpr/necompiler.py:965: in evaluate
    raise e
numexpr/necompiler.py:878: in validate
    _names_cache[expr_key] = getExprNames(ex, context)
numexpr/necompiler.py:747: in getExprNames
    ex = stringToExpression(text, {}, context)
numexpr/necompiler.py:306: in stringToExpression
    validator = _ExpressionValidator(allowed_functions)
_ _ _ _ _ _ _ _ _ _ _ _ _ _ _ _ _ _ _ _ _ _ _ _ _ _ _ _ _ _ _ _ _ _ _ _ _ _ _ _ 

self = <numexpr.necompiler.stringToExpression.<locals>._ExpressionValidator object at 0x7f954c6bf5e0>
allowed_functions = {'abs', 'arccos', 'arccosh', 'arcsin', 'arcsinh', 'arctan', ...}

    def __init__(self, allowed_functions):
        self.allowed_functions = set(allowed_functions)
        self.blocked_nodes = {
            ast.Import, ast.ImportFrom, ast.Assign, ast.AugAssign,
>           ast.Delete, ast.Print, ast.Raise, ast.Assert, ast.Pass,
            ast.Break, ast.Continue, ast.For, ast.While, ast.If,
            ast.Try, ast.ExceptHandler, ast.Finally, ast.ClassDef,
            ast.FunctionDef, ast.Lambda, ast.Global, ast.Nonlocal,
            ast.Eval, ast.Exec, ast.Expr
        }
E       AttributeError: module 'ast' has no attribute 'Print'

numexpr/necompiler.py:274: AttributeError
=========================== short test summary info ============================
FAILED numexpr/tests/test_numexpr.py::test_evaluate::test_forbidden_tokens - ...
================= 1 failed, 103 deselected, 1 warning in 0.21s =================

------------------------------ Finish Evaluation ------------------------------


[UnitTest RESULT]: None
[UnitTest MSG]:
 None

[Validation TYPE]: validation_fail