[PoC RESULT]: False
[PoC MSG]:
============================== Run PoC ==============================
------------------------------ Standard Output ------------------------------
--- FAIL: TestTemplateSignerSignAndVerify (0.00s)
    --- FAIL: TestTemplateSignerSignAndVerify/Invalid_signature (0.00s)
        tmpl_signer_test.go:119: 
            	Error Trace:	/workspace/nuclei/pkg/templates/signer/tmpl_signer_test.go:119
            	Error:      	An error is expected but got nil.
            	Test:       	TestTemplateSignerSignAndVerify/Invalid_signature
            	Messages:   	Expected an error during verification
        tmpl_signer_test.go:123: 
            	Error Trace:	/workspace/nuclei/pkg/templates/signer/tmpl_signer_test.go:123
            	Error:      	Not equal: 
            	            	expected: false
            	            	actual  : true
            	Test:       	TestTemplateSignerSignAndVerify/Invalid_signature
            	Messages:   	Unexpected verification result
FAIL
FAIL	github.com/projectdiscovery/nuclei/v3/pkg/templates/signer	0.016s
FAIL

------------------------------ Finish Evaluation ------------------------------


[UnitTest RESULT]: None
[UnitTest MSG]:
 None

[Validation TYPE]: validation_fail